h:\programfileslaptop\compugrafica\proyectofinal\eresunjuguete\cargamodelos\x64\debug\vc143.pdb
h:\programfileslaptop\compugrafica\proyectofinal\eresunjuguete\cargamodelos\x64\debug\vc143.idb
h:\programfileslaptop\compugrafica\proyectofinal\eresunjuguete\cargamodelos\x64\debug\window.obj
h:\programfileslaptop\compugrafica\proyectofinal\eresunjuguete\cargamodelos\x64\debug\texture.obj
h:\programfileslaptop\compugrafica\proyectofinal\eresunjuguete\cargamodelos\x64\debug\spotlight.obj
h:\programfileslaptop\compugrafica\proyectofinal\eresunjuguete\cargamodelos\x64\debug\sphere.obj
h:\programfileslaptop\compugrafica\proyectofinal\eresunjuguete\cargamodelos\x64\debug\skybox.obj
h:\programfileslaptop\compugrafica\proyectofinal\eresunjuguete\cargamodelos\x64\debug\shader_light.obj
h:\programfileslaptop\compugrafica\proyectofinal\eresunjuguete\cargamodelos\x64\debug\pointlight.obj
h:\programfileslaptop\compugrafica\proyectofinal\eresunjuguete\cargamodelos\x64\debug\model.obj
h:\programfileslaptop\compugrafica\proyectofinal\eresunjuguete\cargamodelos\x64\debug\mesh_tn.obj
h:\programfileslaptop\compugrafica\proyectofinal\eresunjuguete\cargamodelos\x64\debug\material.obj
h:\programfileslaptop\compugrafica\proyectofinal\eresunjuguete\cargamodelos\x64\debug\light.obj
h:\programfileslaptop\compugrafica\proyectofinal\eresunjuguete\cargamodelos\x64\debug\directionallight.obj
h:\programfileslaptop\compugrafica\proyectofinal\eresunjuguete\cargamodelos\x64\debug\main-finalproject.obj
h:\programfileslaptop\compugrafica\proyectofinal\eresunjuguete\cargamodelos\x64\debug\keyframes.obj
h:\programfileslaptop\compugrafica\proyectofinal\eresunjuguete\cargamodelos\x64\debug\camera.obj
h:\programfileslaptop\compugrafica\proyectofinal\eresunjuguete\x64\debug\finalproject.pdb
h:\programfileslaptop\compugrafica\proyectofinal\eresunjuguete\cargamodelos\x64\debug\finalproject.tlog\cl.command.1.tlog
h:\programfileslaptop\compugrafica\proyectofinal\eresunjuguete\cargamodelos\x64\debug\finalproject.tlog\cl.read.1.tlog
h:\programfileslaptop\compugrafica\proyectofinal\eresunjuguete\cargamodelos\x64\debug\finalproject.tlog\cl.write.1.tlog
h:\programfileslaptop\compugrafica\proyectofinal\eresunjuguete\cargamodelos\x64\debug\finalproject.tlog\link-cvtres.read.1.tlog
h:\programfileslaptop\compugrafica\proyectofinal\eresunjuguete\cargamodelos\x64\debug\finalproject.tlog\link-cvtres.write.1.tlog
h:\programfileslaptop\compugrafica\proyectofinal\eresunjuguete\cargamodelos\x64\debug\finalproject.tlog\link-rc.read.1.tlog
h:\programfileslaptop\compugrafica\proyectofinal\eresunjuguete\cargamodelos\x64\debug\finalproject.tlog\link-rc.write.1.tlog
h:\programfileslaptop\compugrafica\proyectofinal\eresunjuguete\cargamodelos\x64\debug\finalproject.tlog\link.command.1.tlog
h:\programfileslaptop\compugrafica\proyectofinal\eresunjuguete\cargamodelos\x64\debug\finalproject.tlog\link.read.1.tlog
h:\programfileslaptop\compugrafica\proyectofinal\eresunjuguete\cargamodelos\x64\debug\finalproject.tlog\link.read.2.tlog
h:\programfileslaptop\compugrafica\proyectofinal\eresunjuguete\cargamodelos\x64\debug\finalproject.tlog\link.write.1.tlog
