<<<<<<< HEAD
d:\programfileslaptop\compugrafica\proyectofinal\eresunjuguete\cargamodelos\debug\vc143.pdb
d:\programfileslaptop\compugrafica\proyectofinal\eresunjuguete\cargamodelos\debug\vc143.idb
d:\programfileslaptop\compugrafica\proyectofinal\eresunjuguete\cargamodelos\debug\window.obj
d:\programfileslaptop\compugrafica\proyectofinal\eresunjuguete\cargamodelos\debug\texture.obj
d:\programfileslaptop\compugrafica\proyectofinal\eresunjuguete\cargamodelos\debug\spotlight.obj
d:\programfileslaptop\compugrafica\proyectofinal\eresunjuguete\cargamodelos\debug\sphere.obj
d:\programfileslaptop\compugrafica\proyectofinal\eresunjuguete\cargamodelos\debug\skybox.obj
d:\programfileslaptop\compugrafica\proyectofinal\eresunjuguete\cargamodelos\debug\shader_light.obj
d:\programfileslaptop\compugrafica\proyectofinal\eresunjuguete\cargamodelos\debug\pointlight.obj
d:\programfileslaptop\compugrafica\proyectofinal\eresunjuguete\cargamodelos\debug\model.obj
d:\programfileslaptop\compugrafica\proyectofinal\eresunjuguete\cargamodelos\debug\mesh_tn.obj
d:\programfileslaptop\compugrafica\proyectofinal\eresunjuguete\cargamodelos\debug\material.obj
d:\programfileslaptop\compugrafica\proyectofinal\eresunjuguete\cargamodelos\debug\light.obj
d:\programfileslaptop\compugrafica\proyectofinal\eresunjuguete\cargamodelos\debug\directionallight.obj
d:\programfileslaptop\compugrafica\proyectofinal\eresunjuguete\cargamodelos\debug\main-finalproject.obj
d:\programfileslaptop\compugrafica\proyectofinal\eresunjuguete\cargamodelos\debug\camera.obj
d:\programfileslaptop\compugrafica\proyectofinal\eresunjuguete\debug\finalproject.exe
d:\programfileslaptop\compugrafica\proyectofinal\eresunjuguete\cargamodelos\debug\finalproject.ilk
d:\programfileslaptop\compugrafica\proyectofinal\eresunjuguete\debug\finalproject.pdb
d:\programfileslaptop\compugrafica\proyectofinal\eresunjuguete\cargamodelos\debug\finalproject.tlog\cl.command.1.tlog
d:\programfileslaptop\compugrafica\proyectofinal\eresunjuguete\cargamodelos\debug\finalproject.tlog\cl.read.1.tlog
d:\programfileslaptop\compugrafica\proyectofinal\eresunjuguete\cargamodelos\debug\finalproject.tlog\cl.write.1.tlog
d:\programfileslaptop\compugrafica\proyectofinal\eresunjuguete\cargamodelos\debug\finalproject.tlog\link.command.1.tlog
d:\programfileslaptop\compugrafica\proyectofinal\eresunjuguete\cargamodelos\debug\finalproject.tlog\link.read.1.tlog
d:\programfileslaptop\compugrafica\proyectofinal\eresunjuguete\cargamodelos\debug\finalproject.tlog\link.write.1.tlog
=======
d:\onedrive unam\onedrive - universidad nacional autónoma de méxico\escuelisha\8° semestre\compu gráfica\proyecto\nuevo_git_main\cargamodelos\debug\vc143.pdb
d:\onedrive unam\onedrive - universidad nacional autónoma de méxico\escuelisha\8° semestre\compu gráfica\proyecto\nuevo_git_main\cargamodelos\debug\vc143.idb
d:\onedrive unam\onedrive - universidad nacional autónoma de méxico\escuelisha\8° semestre\compu gráfica\proyecto\nuevo_git_main\cargamodelos\debug\window.obj
d:\onedrive unam\onedrive - universidad nacional autónoma de méxico\escuelisha\8° semestre\compu gráfica\proyecto\nuevo_git_main\cargamodelos\debug\texture.obj
d:\onedrive unam\onedrive - universidad nacional autónoma de méxico\escuelisha\8° semestre\compu gráfica\proyecto\nuevo_git_main\cargamodelos\debug\spotlight.obj
d:\onedrive unam\onedrive - universidad nacional autónoma de méxico\escuelisha\8° semestre\compu gráfica\proyecto\nuevo_git_main\cargamodelos\debug\sphere.obj
d:\onedrive unam\onedrive - universidad nacional autónoma de méxico\escuelisha\8° semestre\compu gráfica\proyecto\nuevo_git_main\cargamodelos\debug\skybox.obj
d:\onedrive unam\onedrive - universidad nacional autónoma de méxico\escuelisha\8° semestre\compu gráfica\proyecto\nuevo_git_main\cargamodelos\debug\shader_light.obj
d:\onedrive unam\onedrive - universidad nacional autónoma de méxico\escuelisha\8° semestre\compu gráfica\proyecto\nuevo_git_main\cargamodelos\debug\pointlight.obj
d:\onedrive unam\onedrive - universidad nacional autónoma de méxico\escuelisha\8° semestre\compu gráfica\proyecto\nuevo_git_main\cargamodelos\debug\model.obj
d:\onedrive unam\onedrive - universidad nacional autónoma de méxico\escuelisha\8° semestre\compu gráfica\proyecto\nuevo_git_main\cargamodelos\debug\mesh_tn.obj
d:\onedrive unam\onedrive - universidad nacional autónoma de méxico\escuelisha\8° semestre\compu gráfica\proyecto\nuevo_git_main\cargamodelos\debug\material.obj
d:\onedrive unam\onedrive - universidad nacional autónoma de méxico\escuelisha\8° semestre\compu gráfica\proyecto\nuevo_git_main\cargamodelos\debug\light.obj
d:\onedrive unam\onedrive - universidad nacional autónoma de méxico\escuelisha\8° semestre\compu gráfica\proyecto\nuevo_git_main\cargamodelos\debug\directionallight.obj
d:\onedrive unam\onedrive - universidad nacional autónoma de méxico\escuelisha\8° semestre\compu gráfica\proyecto\nuevo_git_main\cargamodelos\debug\main-finalproject.obj
d:\onedrive unam\onedrive - universidad nacional autónoma de méxico\escuelisha\8° semestre\compu gráfica\proyecto\nuevo_git_main\cargamodelos\debug\camera.obj
d:\programfileslaptop\compugrafica\proyectofinal\eresunjuguete\debug\finalproject.exe
d:\programfileslaptop\compugrafica\proyectofinal\eresunjuguete\cargamodelos\debug\finalproject.ilk
d:\programfileslaptop\compugrafica\proyectofinal\eresunjuguete\debug\finalproject.pdb
d:\onedrive unam\onedrive - universidad nacional autónoma de méxico\escuelisha\8° semestre\compu gráfica\proyecto\nuevo_git_main\debug\finalproject.pdb
d:\onedrive unam\onedrive - universidad nacional autónoma de méxico\escuelisha\8° semestre\compu gráfica\proyecto\nuevo_git_main\cargamodelos\debug\finalproject.tlog\cl.command.1.tlog
d:\onedrive unam\onedrive - universidad nacional autónoma de méxico\escuelisha\8° semestre\compu gráfica\proyecto\nuevo_git_main\cargamodelos\debug\finalproject.tlog\cl.read.1.tlog
d:\onedrive unam\onedrive - universidad nacional autónoma de méxico\escuelisha\8° semestre\compu gráfica\proyecto\nuevo_git_main\cargamodelos\debug\finalproject.tlog\cl.write.1.tlog
d:\onedrive unam\onedrive - universidad nacional autónoma de méxico\escuelisha\8° semestre\compu gráfica\proyecto\nuevo_git_main\cargamodelos\debug\finalproject.tlog\link.command.1.tlog
d:\onedrive unam\onedrive - universidad nacional autónoma de méxico\escuelisha\8° semestre\compu gráfica\proyecto\nuevo_git_main\cargamodelos\debug\finalproject.tlog\link.read.1.tlog
d:\onedrive unam\onedrive - universidad nacional autónoma de méxico\escuelisha\8° semestre\compu gráfica\proyecto\nuevo_git_main\cargamodelos\debug\finalproject.tlog\link.write.1.tlog
>>>>>>> a7478217718139698754e64510578da5521d89c4
